[debug] [2017-11-12T14:55:06.183Z] ----------------------------------------------------------------------
[debug] [2017-11-12T14:55:06.186Z] Command:       /usr/local/Cellar/node/8.2.1/bin/node /Users/salnikov/.npm-packages/bin/firebase deploy
[debug] [2017-11-12T14:55:06.186Z] CLI Version:   3.10.1
[debug] [2017-11-12T14:55:06.186Z] Platform:      darwin
[debug] [2017-11-12T14:55:06.186Z] Node Version:  v8.2.1
[debug] [2017-11-12T14:55:06.186Z] Time:          Sun Nov 12 2017 15:55:06 GMT+0100 (CET)
[debug] [2017-11-12T14:55:06.186Z] ----------------------------------------------------------------------
[debug] 
[debug] [2017-11-12T14:55:06.202Z] > command requires scopes: ["email","openid","https://www.googleapis.com/auth/cloudplatformprojects.readonly","https://www.googleapis.com/auth/firebase","https://www.googleapis.com/auth/cloud-platform"]
[debug] [2017-11-12T14:55:06.202Z] > authorizing via signed-in user
[debug] [2017-11-12T14:55:06.204Z] >>> HTTP REQUEST GET https://admin.firebase.com/v1/projects/ngvikings-81b48  
 Sun Nov 12 2017 15:55:06 GMT+0100 (CET)
[debug] [2017-11-12T14:55:10.005Z] <<< HTTP RESPONSE 200
[debug] [2017-11-12T14:55:10.006Z] >>> HTTP REQUEST GET https://admin.firebase.com/v1/database/ngvikings-81b48/tokens  
 Sun Nov 12 2017 15:55:10 GMT+0100 (CET)
[debug] [2017-11-12T14:55:12.176Z] <<< HTTP RESPONSE 200
[info] 
[info] === Deploying to 'ngvikings-81b48'...
[info] 
[info] i  deploying database, functions, hosting
[info] ✔  database: rules ready to deploy.
[debug] [2017-11-12T14:55:14.876Z] > [functions] package.json contents: {
  "name": "hoverboard-functions",
  "description": "Hoverboard serverless functions",
  "dependencies": {
    "firebase-admin": "^5.2.1",
    "firebase-functions": "^0.6.2",
    "moment": "^2.18.1"
  },
  "private": true
}
[info] i  functions: ensuring necessary APIs are enabled...
[info] i  runtimeconfig: ensuring necessary APIs are enabled...
[debug] [2017-11-12T14:55:14.888Z] >>> HTTP REQUEST GET https://servicemanagement.googleapis.com/v1/services/cloudfunctions.googleapis.com/projectSettings/ngvikings-81b48?view=CONSUMER_VIEW  
 Sun Nov 12 2017 15:55:14 GMT+0100 (CET)
[debug] [2017-11-12T14:55:14.888Z] >>> HTTP REQUEST GET https://servicemanagement.googleapis.com/v1/services/runtimeconfig.googleapis.com/projectSettings/ngvikings-81b48?view=CONSUMER_VIEW  
 Sun Nov 12 2017 15:55:14 GMT+0100 (CET)
[debug] [2017-11-12T14:55:16.780Z] <<< HTTP RESPONSE 200
[info] ✔  runtimeconfig: all necessary APIs are enabled
[debug] [2017-11-12T14:55:16.797Z] <<< HTTP RESPONSE 200
[info] ✔  functions: all necessary APIs are enabled
[debug] [2017-11-12T14:55:16.798Z] >>> HTTP REQUEST GET https://appengine.googleapis.com/v1/apps/ngvikings-81b48  
 Sun Nov 12 2017 15:55:16 GMT+0100 (CET)
[debug] [2017-11-12T14:55:16.798Z] >>> HTTP REQUEST GET https://apikeys.googleapis.com/v1/projects/ngvikings-81b48/apiKeys  
 Sun Nov 12 2017 15:55:16 GMT+0100 (CET)
[debug] [2017-11-12T14:55:18.257Z] <<< HTTP RESPONSE 200
[debug] [2017-11-12T14:55:18.348Z] <<< HTTP RESPONSE 200
[info] i  functions: preparing functions directory for uploading...
[debug] [2017-11-12T14:55:23.283Z] >>> HTTP REQUEST GET https://runtimeconfig.googleapis.com/v1beta1/projects/ngvikings-81b48/configs  
 Sun Nov 12 2017 15:55:23 GMT+0100 (CET)
[debug] [2017-11-12T14:55:28.108Z] <<< HTTP RESPONSE 200
[info] i  functions: packaged functions (3.7 KB) for uploading
[debug] [2017-11-12T14:55:30.131Z] >>> HTTP REQUEST GET https://www.googleapis.com/storage/v1/b/staging.ngvikings-81b48.appspot.com  
 Sun Nov 12 2017 15:55:30 GMT+0100 (CET)
[debug] [2017-11-12T14:55:31.298Z] <<< HTTP RESPONSE 200
[debug] [2017-11-12T14:55:31.299Z] >>> HTTP REQUEST POST https://www.googleapis.com/upload/storage/v1/b/staging.ngvikings-81b48.appspot.com/o?uploadType=media&name=firebase-functions-source ReadStream {
  _readableState: 
   ReadableState {
     objectMode: false,
     highWaterMark: 65536,
     buffer: BufferList { head: [Object], tail: [Object], length: 1 },
     length: 3788,
     pipes: null,
     pipesCount: 0,
     flowing: null,
     ended: true,
     endEmitted: false,
     reading: false,
     sync: false,
     needReadable: false,
     emittedReadable: true,
     readableListening: false,
     resumeScheduled: false,
     destroyed: false,
     defaultEncoding: 'utf8',
     awaitDrain: 0,
     readingMore: false,
     decoder: null,
     encoding: null },
  readable: true,
  domain: null,
  _events: { end: [Function] },
  _eventsCount: 1,
  _maxListeners: undefined,
  path: '/tmp/firebase-functions-987375yJhlsqSTkjt.zip',
  fd: 18,
  flags: 'r',
  mode: 438,
  start: undefined,
  end: undefined,
  autoClose: true,
  pos: undefined,
  bytesRead: 3788 } 
 Sun Nov 12 2017 15:55:31 GMT+0100 (CET)
[debug] [2017-11-12T14:55:32.308Z] <<< HTTP RESPONSE 200
[info] ✔  functions: functions folder uploaded successfully
[info] i  hosting: preparing ./build directory for upload...
[debug] [2017-11-12T14:55:32.999Z] >>> HTTP REQUEST PUT https://deploy.firebase.com/v1/hosting/ngvikings-81b48/uploads/-KykiZGbLIBZP9AdB-P3?fileCount=138&message=  
 Sun Nov 12 2017 15:55:32 GMT+0100 (CET)
[debug] [2017-11-12T14:58:03.995Z] Error: write EPIPE
    at exports._errnoException (util.js:1024:11)
    at WriteWrap.afterWrite [as oncomplete] (net.js:851:14)
[error] 
[error] Error: Server Error. write EPIPE
[debug] [2017-11-12T15:03:53.530Z] ----------------------------------------------------------------------
[debug] [2017-11-12T15:03:53.532Z] Command:       /usr/local/Cellar/node/8.2.1/bin/node /Users/salnikov/.npm-packages/bin/firebase deploy
[debug] [2017-11-12T15:03:53.532Z] CLI Version:   3.10.1
[debug] [2017-11-12T15:03:53.532Z] Platform:      darwin
[debug] [2017-11-12T15:03:53.532Z] Node Version:  v8.2.1
[debug] [2017-11-12T15:03:53.532Z] Time:          Sun Nov 12 2017 16:03:53 GMT+0100 (CET)
[debug] [2017-11-12T15:03:53.533Z] ----------------------------------------------------------------------
[debug] 
[debug] [2017-11-12T15:03:53.547Z] > command requires scopes: ["email","openid","https://www.googleapis.com/auth/cloudplatformprojects.readonly","https://www.googleapis.com/auth/firebase","https://www.googleapis.com/auth/cloud-platform"]
[debug] [2017-11-12T15:03:53.547Z] > authorizing via signed-in user
[debug] [2017-11-12T15:03:53.549Z] >>> HTTP REQUEST GET https://admin.firebase.com/v1/projects/ngvikings-81b48  
 Sun Nov 12 2017 16:03:53 GMT+0100 (CET)
[debug] [2017-11-12T15:03:55.963Z] <<< HTTP RESPONSE 200
[debug] [2017-11-12T15:03:55.964Z] >>> HTTP REQUEST GET https://admin.firebase.com/v1/database/ngvikings-81b48/tokens  
 Sun Nov 12 2017 16:03:55 GMT+0100 (CET)
[debug] [2017-11-12T15:03:57.285Z] <<< HTTP RESPONSE 200
[info] 
[info] === Deploying to 'ngvikings-81b48'...
[info] 
[info] i  deploying database, functions, hosting
[info] ✔  database: rules ready to deploy.
[debug] [2017-11-12T15:04:00.106Z] > [functions] package.json contents: {
  "name": "hoverboard-functions",
  "description": "Hoverboard serverless functions",
  "dependencies": {
    "firebase-admin": "^5.2.1",
    "firebase-functions": "^0.6.2",
    "moment": "^2.18.1"
  },
  "private": true
}
[info] i  functions: ensuring necessary APIs are enabled...
[info] i  runtimeconfig: ensuring necessary APIs are enabled...
[debug] [2017-11-12T15:04:00.108Z] >>> HTTP REQUEST GET https://servicemanagement.googleapis.com/v1/services/cloudfunctions.googleapis.com/projectSettings/ngvikings-81b48?view=CONSUMER_VIEW  
 Sun Nov 12 2017 16:04:00 GMT+0100 (CET)
[debug] [2017-11-12T15:04:00.109Z] >>> HTTP REQUEST GET https://servicemanagement.googleapis.com/v1/services/runtimeconfig.googleapis.com/projectSettings/ngvikings-81b48?view=CONSUMER_VIEW  
 Sun Nov 12 2017 16:04:00 GMT+0100 (CET)
[debug] [2017-11-12T15:04:02.197Z] <<< HTTP RESPONSE 200
[info] ✔  runtimeconfig: all necessary APIs are enabled
[debug] [2017-11-12T15:04:02.200Z] <<< HTTP RESPONSE 200
[info] ✔  functions: all necessary APIs are enabled
[debug] [2017-11-12T15:04:02.201Z] >>> HTTP REQUEST GET https://appengine.googleapis.com/v1/apps/ngvikings-81b48  
 Sun Nov 12 2017 16:04:02 GMT+0100 (CET)
[debug] [2017-11-12T15:04:02.202Z] >>> HTTP REQUEST GET https://apikeys.googleapis.com/v1/projects/ngvikings-81b48/apiKeys  
 Sun Nov 12 2017 16:04:02 GMT+0100 (CET)
[debug] [2017-11-12T15:04:06.536Z] <<< HTTP RESPONSE 200
[debug] [2017-11-12T15:04:06.705Z] <<< HTTP RESPONSE 200
[info] i  functions: preparing functions directory for uploading...
[debug] [2017-11-12T15:04:11.165Z] >>> HTTP REQUEST GET https://runtimeconfig.googleapis.com/v1beta1/projects/ngvikings-81b48/configs  
 Sun Nov 12 2017 16:04:11 GMT+0100 (CET)
[debug] [2017-11-12T15:04:18.236Z] <<< HTTP RESPONSE 200
[info] i  functions: packaged functions (3.7 KB) for uploading
[debug] [2017-11-12T15:04:20.357Z] >>> HTTP REQUEST GET https://www.googleapis.com/storage/v1/b/staging.ngvikings-81b48.appspot.com  
 Sun Nov 12 2017 16:04:20 GMT+0100 (CET)
[debug] [2017-11-12T15:04:21.390Z] <<< HTTP RESPONSE 200
[debug] [2017-11-12T15:04:21.390Z] >>> HTTP REQUEST POST https://www.googleapis.com/upload/storage/v1/b/staging.ngvikings-81b48.appspot.com/o?uploadType=media&name=firebase-functions-source ReadStream {
  _readableState: 
   ReadableState {
     objectMode: false,
     highWaterMark: 65536,
     buffer: BufferList { head: [Object], tail: [Object], length: 1 },
     length: 3788,
     pipes: null,
     pipesCount: 0,
     flowing: null,
     ended: true,
     endEmitted: false,
     reading: false,
     sync: false,
     needReadable: false,
     emittedReadable: true,
     readableListening: false,
     resumeScheduled: false,
     destroyed: false,
     defaultEncoding: 'utf8',
     awaitDrain: 0,
     readingMore: false,
     decoder: null,
     encoding: null },
  readable: true,
  domain: null,
  _events: { end: [Function] },
  _eventsCount: 1,
  _maxListeners: undefined,
  path: '/tmp/firebase-functions-98988crfDBNk9e4BV.zip',
  fd: 18,
  flags: 'r',
  mode: 438,
  start: undefined,
  end: undefined,
  autoClose: true,
  pos: undefined,
  bytesRead: 3788 } 
 Sun Nov 12 2017 16:04:21 GMT+0100 (CET)
[debug] [2017-11-12T15:04:26.489Z] <<< HTTP RESPONSE 200
[info] ✔  functions: functions folder uploaded successfully
[info] i  hosting: preparing ./build directory for upload...
[debug] [2017-11-12T15:04:27.174Z] >>> HTTP REQUEST PUT https://deploy.firebase.com/v1/hosting/ngvikings-81b48/uploads/-Kykk_Fm7z6RufVx0hTO?fileCount=138&message=  
 Sun Nov 12 2017 16:04:27 GMT+0100 (CET)
[debug] [2017-11-12T15:07:20.839Z] Error: write EPIPE
    at exports._errnoException (util.js:1024:11)
    at WriteWrap.afterWrite [as oncomplete] (net.js:851:14)
[error] 
[error] Error: Server Error. write EPIPE
[debug] [2017-11-12T15:07:25.669Z] ----------------------------------------------------------------------
[debug] [2017-11-12T15:07:25.671Z] Command:       /usr/local/Cellar/node/8.2.1/bin/node /Users/salnikov/.npm-packages/bin/firebase deploy
[debug] [2017-11-12T15:07:25.671Z] CLI Version:   3.10.1
[debug] [2017-11-12T15:07:25.671Z] Platform:      darwin
[debug] [2017-11-12T15:07:25.671Z] Node Version:  v8.2.1
[debug] [2017-11-12T15:07:25.671Z] Time:          Sun Nov 12 2017 16:07:25 GMT+0100 (CET)
[debug] [2017-11-12T15:07:25.671Z] ----------------------------------------------------------------------
[debug] 
[debug] [2017-11-12T15:07:25.684Z] > command requires scopes: ["email","openid","https://www.googleapis.com/auth/cloudplatformprojects.readonly","https://www.googleapis.com/auth/firebase","https://www.googleapis.com/auth/cloud-platform"]
[debug] [2017-11-12T15:07:25.685Z] > authorizing via signed-in user
[debug] [2017-11-12T15:07:25.686Z] >>> HTTP REQUEST GET https://admin.firebase.com/v1/projects/ngvikings-81b48  
 Sun Nov 12 2017 16:07:25 GMT+0100 (CET)
[debug] [2017-11-12T15:08:22.307Z] <<< HTTP RESPONSE 200
[debug] [2017-11-12T15:08:22.308Z] >>> HTTP REQUEST GET https://admin.firebase.com/v1/database/ngvikings-81b48/tokens  
 Sun Nov 12 2017 16:08:22 GMT+0100 (CET)
[debug] [2017-11-12T15:08:28.073Z] <<< HTTP RESPONSE 200
[info] 
[info] === Deploying to 'ngvikings-81b48'...
[info] 
[info] i  deploying database, functions, hosting
[info] ✔  database: rules ready to deploy.
[debug] [2017-11-12T15:08:34.977Z] > [functions] package.json contents: {
  "name": "hoverboard-functions",
  "description": "Hoverboard serverless functions",
  "dependencies": {
    "firebase-admin": "^5.2.1",
    "firebase-functions": "^0.6.2",
    "moment": "^2.18.1"
  },
  "private": true
}
[info] i  functions: ensuring necessary APIs are enabled...
[info] i  runtimeconfig: ensuring necessary APIs are enabled...
[debug] [2017-11-12T15:08:34.979Z] >>> HTTP REQUEST GET https://servicemanagement.googleapis.com/v1/services/cloudfunctions.googleapis.com/projectSettings/ngvikings-81b48?view=CONSUMER_VIEW  
 Sun Nov 12 2017 16:08:34 GMT+0100 (CET)
[debug] [2017-11-12T15:08:34.980Z] >>> HTTP REQUEST GET https://servicemanagement.googleapis.com/v1/services/runtimeconfig.googleapis.com/projectSettings/ngvikings-81b48?view=CONSUMER_VIEW  
 Sun Nov 12 2017 16:08:34 GMT+0100 (CET)
[debug] [2017-11-12T15:08:37.451Z] <<< HTTP RESPONSE 200
[info] ✔  runtimeconfig: all necessary APIs are enabled
[debug] [2017-11-12T15:08:37.546Z] <<< HTTP RESPONSE 200
[info] ✔  functions: all necessary APIs are enabled
[debug] [2017-11-12T15:08:37.547Z] >>> HTTP REQUEST GET https://appengine.googleapis.com/v1/apps/ngvikings-81b48  
 Sun Nov 12 2017 16:08:37 GMT+0100 (CET)
[debug] [2017-11-12T15:08:37.548Z] >>> HTTP REQUEST GET https://apikeys.googleapis.com/v1/projects/ngvikings-81b48/apiKeys  
 Sun Nov 12 2017 16:08:37 GMT+0100 (CET)
[debug] [2017-11-12T15:08:39.263Z] <<< HTTP RESPONSE 200
[debug] [2017-11-12T15:08:39.265Z] <<< HTTP RESPONSE 200
[info] i  functions: preparing functions directory for uploading...
[debug] [2017-11-12T15:08:43.612Z] >>> HTTP REQUEST GET https://runtimeconfig.googleapis.com/v1beta1/projects/ngvikings-81b48/configs  
 Sun Nov 12 2017 16:08:43 GMT+0100 (CET)
[debug] [2017-11-12T15:08:46.751Z] <<< HTTP RESPONSE 200
[info] i  functions: packaged functions (3.7 KB) for uploading
[debug] [2017-11-12T15:08:48.806Z] >>> HTTP REQUEST GET https://www.googleapis.com/storage/v1/b/staging.ngvikings-81b48.appspot.com  
 Sun Nov 12 2017 16:08:48 GMT+0100 (CET)
[debug] [2017-11-12T15:08:55.847Z] <<< HTTP RESPONSE 200
[debug] [2017-11-12T15:08:55.848Z] >>> HTTP REQUEST POST https://www.googleapis.com/upload/storage/v1/b/staging.ngvikings-81b48.appspot.com/o?uploadType=media&name=firebase-functions-source ReadStream {
  _readableState: 
   ReadableState {
     objectMode: false,
     highWaterMark: 65536,
     buffer: BufferList { head: [Object], tail: [Object], length: 1 },
     length: 3788,
     pipes: null,
     pipesCount: 0,
     flowing: null,
     ended: true,
     endEmitted: false,
     reading: false,
     sync: false,
     needReadable: false,
     emittedReadable: true,
     readableListening: false,
     resumeScheduled: false,
     destroyed: false,
     defaultEncoding: 'utf8',
     awaitDrain: 0,
     readingMore: false,
     decoder: null,
     encoding: null },
  readable: true,
  domain: null,
  _events: { end: [Function] },
  _eventsCount: 1,
  _maxListeners: undefined,
  path: '/tmp/firebase-functions-99091mIww72Mio1y7.zip',
  fd: 17,
  flags: 'r',
  mode: 438,
  start: undefined,
  end: undefined,
  autoClose: true,
  pos: undefined,
  bytesRead: 3788 } 
 Sun Nov 12 2017 16:08:55 GMT+0100 (CET)
[warn] ⚠  functions: Upload Error: Server Error. socket hang up
[info] i  hosting: preparing ./build directory for upload...
[debug] [2017-11-12T15:09:07.001Z] >>> HTTP REQUEST PUT https://deploy.firebase.com/v1/hosting/ngvikings-81b48/uploads/-KyklbmzdpzdJrMErOmG?fileCount=139&message=  
 Sun Nov 12 2017 16:09:07 GMT+0100 (CET)
[debug] [2017-11-12T15:10:08.795Z] ----------------------------------------------------------------------
[debug] [2017-11-12T15:10:08.797Z] Command:       /usr/local/Cellar/node/8.2.1/bin/node /Users/salnikov/.npm-packages/bin/firebase deploy
[debug] [2017-11-12T15:10:08.797Z] CLI Version:   3.10.1
[debug] [2017-11-12T15:10:08.797Z] Platform:      darwin
[debug] [2017-11-12T15:10:08.797Z] Node Version:  v8.2.1
[debug] [2017-11-12T15:10:08.798Z] Time:          Sun Nov 12 2017 16:10:08 GMT+0100 (CET)
[debug] [2017-11-12T15:10:08.798Z] ----------------------------------------------------------------------
[debug] 
[debug] [2017-11-12T15:10:08.812Z] > command requires scopes: ["email","openid","https://www.googleapis.com/auth/cloudplatformprojects.readonly","https://www.googleapis.com/auth/firebase","https://www.googleapis.com/auth/cloud-platform"]
[debug] [2017-11-12T15:10:08.812Z] > authorizing via signed-in user
[debug] [2017-11-12T15:10:08.815Z] >>> HTTP REQUEST GET https://admin.firebase.com/v1/projects/ngvikings-81b48  
 Sun Nov 12 2017 16:10:08 GMT+0100 (CET)
[debug] [2017-11-12T15:10:16.834Z] <<< HTTP RESPONSE 200
[debug] [2017-11-12T15:10:16.835Z] >>> HTTP REQUEST GET https://admin.firebase.com/v1/database/ngvikings-81b48/tokens  
 Sun Nov 12 2017 16:10:16 GMT+0100 (CET)
[debug] [2017-11-12T15:10:54.247Z] ----------------------------------------------------------------------
[debug] [2017-11-12T15:10:54.249Z] Command:       /usr/local/Cellar/node/8.2.1/bin/node /Users/salnikov/.npm-packages/bin/firebase deploy
[debug] [2017-11-12T15:10:54.250Z] CLI Version:   3.10.1
[debug] [2017-11-12T15:10:54.250Z] Platform:      darwin
[debug] [2017-11-12T15:10:54.250Z] Node Version:  v8.2.1
[debug] [2017-11-12T15:10:54.250Z] Time:          Sun Nov 12 2017 16:10:54 GMT+0100 (CET)
[debug] [2017-11-12T15:10:54.250Z] ----------------------------------------------------------------------
[debug] 
[debug] [2017-11-12T15:10:54.263Z] > command requires scopes: ["email","openid","https://www.googleapis.com/auth/cloudplatformprojects.readonly","https://www.googleapis.com/auth/firebase","https://www.googleapis.com/auth/cloud-platform"]
[debug] [2017-11-12T15:10:54.263Z] > authorizing via signed-in user
[debug] [2017-11-12T15:10:54.265Z] >>> HTTP REQUEST GET https://admin.firebase.com/v1/projects/ngvikings-81b48  
 Sun Nov 12 2017 16:10:54 GMT+0100 (CET)
[debug] [2017-11-12T15:11:07.055Z] <<< HTTP RESPONSE 200
[debug] [2017-11-12T15:11:07.057Z] >>> HTTP REQUEST GET https://admin.firebase.com/v1/database/ngvikings-81b48/tokens  
 Sun Nov 12 2017 16:11:07 GMT+0100 (CET)
[debug] [2017-11-12T15:11:08.320Z] <<< HTTP RESPONSE 200
[info] 
[info] === Deploying to 'ngvikings-81b48'...
[info] 
[info] i  deploying database, functions, hosting
[info] ✔  database: rules ready to deploy.
[debug] [2017-11-12T15:11:11.775Z] > [functions] package.json contents: {
  "name": "hoverboard-functions",
  "description": "Hoverboard serverless functions",
  "dependencies": {
    "firebase-admin": "^5.2.1",
    "firebase-functions": "^0.6.2",
    "moment": "^2.18.1"
  },
  "private": true
}
[info] i  functions: ensuring necessary APIs are enabled...
[info] i  runtimeconfig: ensuring necessary APIs are enabled...
[debug] [2017-11-12T15:11:11.777Z] >>> HTTP REQUEST GET https://servicemanagement.googleapis.com/v1/services/cloudfunctions.googleapis.com/projectSettings/ngvikings-81b48?view=CONSUMER_VIEW  
 Sun Nov 12 2017 16:11:11 GMT+0100 (CET)
[debug] [2017-11-12T15:11:11.777Z] >>> HTTP REQUEST GET https://servicemanagement.googleapis.com/v1/services/runtimeconfig.googleapis.com/projectSettings/ngvikings-81b48?view=CONSUMER_VIEW  
 Sun Nov 12 2017 16:11:11 GMT+0100 (CET)
[debug] [2017-11-12T15:11:13.448Z] <<< HTTP RESPONSE 200
[info] ✔  runtimeconfig: all necessary APIs are enabled
[debug] [2017-11-12T15:11:13.481Z] <<< HTTP RESPONSE 200
[info] ✔  functions: all necessary APIs are enabled
[debug] [2017-11-12T15:11:13.481Z] >>> HTTP REQUEST GET https://appengine.googleapis.com/v1/apps/ngvikings-81b48  
 Sun Nov 12 2017 16:11:13 GMT+0100 (CET)
[debug] [2017-11-12T15:11:13.482Z] >>> HTTP REQUEST GET https://apikeys.googleapis.com/v1/projects/ngvikings-81b48/apiKeys  
 Sun Nov 12 2017 16:11:13 GMT+0100 (CET)
[debug] [2017-11-12T15:11:15.271Z] <<< HTTP RESPONSE 200
[debug] [2017-11-12T15:11:15.274Z] <<< HTTP RESPONSE 200
[info] i  functions: preparing functions directory for uploading...
[debug] [2017-11-12T15:11:19.621Z] >>> HTTP REQUEST GET https://runtimeconfig.googleapis.com/v1beta1/projects/ngvikings-81b48/configs  
 Sun Nov 12 2017 16:11:19 GMT+0100 (CET)
[debug] [2017-11-12T15:11:21.421Z] <<< HTTP RESPONSE 200
[info] i  functions: packaged functions (3.7 KB) for uploading
[debug] [2017-11-12T15:11:23.358Z] >>> HTTP REQUEST GET https://www.googleapis.com/storage/v1/b/staging.ngvikings-81b48.appspot.com  
 Sun Nov 12 2017 16:11:23 GMT+0100 (CET)
[debug] [2017-11-12T15:11:24.436Z] <<< HTTP RESPONSE 200
[debug] [2017-11-12T15:11:24.436Z] >>> HTTP REQUEST POST https://www.googleapis.com/upload/storage/v1/b/staging.ngvikings-81b48.appspot.com/o?uploadType=media&name=firebase-functions-source ReadStream {
  _readableState: 
   ReadableState {
     objectMode: false,
     highWaterMark: 65536,
     buffer: BufferList { head: [Object], tail: [Object], length: 1 },
     length: 3788,
     pipes: null,
     pipesCount: 0,
     flowing: null,
     ended: true,
     endEmitted: false,
     reading: false,
     sync: false,
     needReadable: false,
     emittedReadable: true,
     readableListening: false,
     resumeScheduled: false,
     destroyed: false,
     defaultEncoding: 'utf8',
     awaitDrain: 0,
     readingMore: false,
     decoder: null,
     encoding: null },
  readable: true,
  domain: null,
  _events: { end: [Function] },
  _eventsCount: 1,
  _maxListeners: undefined,
  path: '/tmp/firebase-functions-99195M81LSBi5eOTo.zip',
  fd: 18,
  flags: 'r',
  mode: 438,
  start: undefined,
  end: undefined,
  autoClose: true,
  pos: undefined,
  bytesRead: 3788 } 
 Sun Nov 12 2017 16:11:24 GMT+0100 (CET)
[debug] [2017-11-12T15:11:25.913Z] <<< HTTP RESPONSE 200
[info] ✔  functions: functions folder uploaded successfully
[info] i  hosting: preparing ./build directory for upload...
[debug] [2017-11-12T15:11:26.573Z] >>> HTTP REQUEST PUT https://deploy.firebase.com/v1/hosting/ngvikings-81b48/uploads/-KykmCtib3nzzgF-Mc-l?fileCount=139&message=  
 Sun Nov 12 2017 16:11:26 GMT+0100 (CET)
